<?xml version="1.0" encoding="UTF-8"?>
<testng-results skipped="0" failed="0" ignored="0" total="1" passed="1">
  <reporter-output>
  </reporter-output>
  <suite name="Default suite" duration-ms="4980" started-at="2021-01-10T07:18:00Z" finished-at="2021-01-10T07:18:05Z">
    <groups>
    </groups>
    <test name="Default test" duration-ms="4980" started-at="2021-01-10T07:18:00Z" finished-at="2021-01-10T07:18:05Z">
      <class name="RequestResponseSpecBuilder">
        <test-method status="PASS" signature="ReqResSpecBuilder()[pri:0, instance:RequestResponseSpecBuilder@243c4f91]" name="ReqResSpecBuilder" duration-ms="4926" started-at="2021-01-10T07:18:00Z" finished-at="2021-01-10T07:18:05Z">
          <reporter-output>
          </reporter-output>
        </test-method> <!-- ReqResSpecBuilder -->
      </class> <!-- RequestResponseSpecBuilder -->
    </test> <!-- Default test -->
  </suite> <!-- Default suite -->
</testng-results>
